tempo_leader_java/build/intermediates/manifest_merge_blame_file/debug/manifest-merger-blame-debug-report.txt
1<?xml version="1.0" encoding="utf-8"?>
2<manifest xmlns:android="http://schemas.android.com/apk/res/android"
3    package="com.geekbrains.a1l1_helloworld"
4    android:versionCode="1"
5    android:versionName="1.0" >
6
7    <uses-sdk
8        android:minSdkVersion="19"
8-->src\main\AndroidManifest.xml
9        android:targetSdkVersion="29" />
9-->src\main\AndroidManifest.xml
10
11    <application
11-->src\main\AndroidManifest.xml:5:5-56:19
12        android:allowBackup="true"
12-->src\main\AndroidManifest.xml:6:9-35
13        android:appComponentFactory="androidx.core.app.CoreComponentFactory"
13-->[androidx.core:core:1.1.0] AndroidManifest.xml:24:18-86
14        android:debuggable="true"
15        android:icon="@mipmap/ic_launcher"
15-->src\main\AndroidManifest.xml:7:9-43
16        android:label="@string/app_name"
16-->src\main\AndroidManifest.xml:8:9-41
17        android:supportsRtl="true"
17-->src\main\AndroidManifest.xml:9:9-35
18        android:testOnly="true"
19        android:theme="@style/AppTheme" >
19-->src\main\AndroidManifest.xml:10:9-40
20        <activity
20-->src\main\AndroidManifest.xml:11:9-21:20
21            android:name="ru.bartex.tempoleader.ui.main.MainActivity"
21-->src\main\AndroidManifest.xml:12:13-70
22            android:label="@string/app_name"
22-->src\main\AndroidManifest.xml:13:13-45
23            android:launchMode="singleTop"
23-->src\main\AndroidManifest.xml:14:13-43
24            android:theme="@style/AppTheme.NoActionBar" >
24-->src\main\AndroidManifest.xml:15:13-56
25            <intent-filter>
25-->src\main\AndroidManifest.xml:16:13-20:29
26                <action android:name="android.intent.action.MAIN" />
26-->src\main\AndroidManifest.xml:17:17-68
26-->src\main\AndroidManifest.xml:17:25-66
27                <action android:name="android.intent.action.VIEW" />
27-->src\main\AndroidManifest.xml:18:17-68
27-->src\main\AndroidManifest.xml:18:25-66
28
29                <category android:name="android.intent.category.LAUNCHER" />
29-->src\main\AndroidManifest.xml:19:17-76
29-->src\main\AndroidManifest.xml:19:27-74
30            </intent-filter>
31        </activity>
32        <activity android:name="ru.bartex.tempoleader.TimeMeterActivity" >
32-->src\main\AndroidManifest.xml:22:9-23:20
32-->src\main\AndroidManifest.xml:22:19-73
33        </activity>
34        <activity android:name="ru.bartex.tempoleader.TimeGrafActivity" >
34-->src\main\AndroidManifest.xml:24:9-25:20
34-->src\main\AndroidManifest.xml:24:19-72
35        </activity>
36        <activity android:name="ru.bartex.tempoleader.PrefActivity" >
36-->src\main\AndroidManifest.xml:26:9-27:20
36-->src\main\AndroidManifest.xml:26:19-68
37        </activity>
38        <activity
38-->src\main\AndroidManifest.xml:28:9-35:20
39            android:name="ru.bartex.tempoleader.SetListActivity"
39-->src\main\AndroidManifest.xml:29:13-65
40            android:parentActivityName="ru.bartex.tempoleader.ui.main.MainActivity"
40-->src\main\AndroidManifest.xml:30:13-84
41            android:windowSoftInputMode="stateHidden" >
41-->src\main\AndroidManifest.xml:31:13-54
42            <meta-data
42-->src\main\AndroidManifest.xml:32:13-34:77
43                android:name="android.support.PARENT_ACTIVITY"
43-->src\main\AndroidManifest.xml:33:17-63
44                android:value="ru.bartex.tempoleader.ui.main.MainActivity" />
44-->src\main\AndroidManifest.xml:34:17-75
45        </activity>
46        <activity
46-->src\main\AndroidManifest.xml:36:9-39:20
47            android:name="ru.bartex.tempoleader.DetailActivity"
47-->src\main\AndroidManifest.xml:37:13-64
48            android:windowSoftInputMode="stateVisible" >
48-->src\main\AndroidManifest.xml:38:13-55
49        </activity>
50        <activity
50-->src\main\AndroidManifest.xml:40:9-43:20
51            android:name="ru.bartex.tempoleader.ui.main.HelpMainActivity"
51-->src\main\AndroidManifest.xml:41:13-74
52            android:label="" >
52-->src\main\AndroidManifest.xml:42:13-29
53        </activity>
54        <activity
54-->src\main\AndroidManifest.xml:44:9-48:20
55            android:name="ru.bartex.tempoleader.TabBarActivity"
55-->src\main\AndroidManifest.xml:45:13-64
56            android:label="@string/title_activity_tab_bar"
56-->src\main\AndroidManifest.xml:46:13-59
57            android:theme="@style/AppTheme.NoActionBar" >
57-->src\main\AndroidManifest.xml:47:13-56
58        </activity>
59        <activity
59-->src\main\AndroidManifest.xml:49:9-52:20
60            android:name="ru.bartex.tempoleader.ChangeTempActivity"
60-->src\main\AndroidManifest.xml:50:13-68
61            android:label="@string/change_name" >
61-->src\main\AndroidManifest.xml:51:13-48
62        </activity>
63        <activity
63-->src\main\AndroidManifest.xml:53:9-55:20
64            android:name="ru.bartex.tempoleader.NewExerciseActivity"
64-->src\main\AndroidManifest.xml:53:19-75
65            android:label="@string/new_name" >
65-->src\main\AndroidManifest.xml:54:19-51
66        </activity>
67    </application>
68
69</manifest>